<?xml version="1.0" encoding="UTF-8"?>
<!-- Generated by org.testng.reporters.JUnitXMLReporter -->
<testsuite ignored="0" hostname="DESKTOP-J4MDNS6" failures="0" tests="8" name="Default test" time="44.62" errors="0" timestamp="2022-06-05T15:48:45 EDT">
  <testcase classname="testingClass_51Cases.myAccountLoginTests" name="loginWithUserNameAndPassword" time="3.688"/>
  <testcase classname="testingClass_51Cases.myAccountLoginTests" name="LoginWithIncorrectUsernameAndIncorrectPassword" time="1.623"/>
  <testcase classname="testingClass_51Cases.myAccountLoginTests" name="LoginWithCorrectUsernameAndEmptyPassword" time="1.473"/>
  <testcase classname="testingClass_51Cases.myAccountLoginTests" name="LoginWithEmptyUsernameAndCorrectPassword" time="1.462"/>
  <testcase classname="testingClass_51Cases.myAccountLoginTests" name="LoginWithEmptyUsernameAndEmptyPassword" time="1.256"/>
  <testcase classname="testingClass_51Cases.myAccountLoginTests" name="LoginPasswordshouldBeMasked" time="0.248"/>
  <testcase classname="testingClass_51Cases.myAccountLoginTests" name="LoginHandlesCaseSensitive" time="1.369"/>
  <testcase classname="testingClass_51Cases.myAccountLoginTests" name="LoginAuthentication" time="5.845"/>
</testsuite> <!-- Default test -->
