<?xml version="1.0" encoding="UTF-8"?>
<testng-results ignored="0" total="1" passed="1" failed="0" skipped="0">
  <reporter-output>
  </reporter-output>
  <suite started-at="2022-06-04T12:44:49 EDT" name="Default suite" finished-at="2022-06-04T12:44:53 EDT" duration-ms="3746">
    <groups>
    </groups>
    <test started-at="2022-06-04T12:44:49 EDT" name="Default test" finished-at="2022-06-04T12:44:53 EDT" duration-ms="3746">
      <class name="amazonProjectTest.AmazonLoginTest">
        <test-method is-config="true" signature="setUp()[pri:0, instance:amazonProjectTest.AmazonLoginTest@6f46426d]" started-at="2022-06-04T12:44:49 EDT" name="setUp" finished-at="2022-06-04T12:44:53 EDT" duration-ms="3701" status="PASS">
          <reporter-output>
          </reporter-output>
        </test-method> <!-- setUp -->
        <test-method signature="test()[pri:0, instance:amazonProjectTest.AmazonLoginTest@6f46426d]" started-at="2022-06-04T12:44:53 EDT" name="test" finished-at="2022-06-04T12:44:53 EDT" duration-ms="8" status="PASS">
          <reporter-output>
          </reporter-output>
        </test-method> <!-- test -->
      </class> <!-- amazonProjectTest.AmazonLoginTest -->
    </test> <!-- Default test -->
  </suite> <!-- Default suite -->
</testng-results>
